The target system is: Generic -  - ARM
The host system is: Linux - 6.1.7-zen1-1-zen - x86_64
Compiling the C compiler identification source file "CMakeCCompilerId.c" succeeded.
Compiler: /usr/bin/arm-none-eabi-gcc 
Build flags: 
Id flags: -c 

The output was:
0


Compilation of the C compiler identification source "CMakeCCompilerId.c" produced "CMakeCCompilerId.o"

The C compiler identification is GNU, found in "/home/nyanfall/projects/playdate/c-first-try/pong/cmake-build-device/CMakeFiles/3.19.2/CompilerIdC/CMakeCCompilerId.o"

Checking whether the ASM compiler is GNU using "--version" matched "(GNU assembler)|(GCC)|(Free Software Foundation)":
arm-none-eabi-gcc (Arch Repository) 12.2.0
Copyright (C) 2022 Free Software Foundation, Inc.
This is free software; see the source for copying conditions.  There is NO
warranty; not even for MERCHANTABILITY or FITNESS FOR A PARTICULAR PURPOSE.

Detecting C compiler ABI info compiled with the following output:
Change Dir: /home/nyanfall/projects/playdate/c-first-try/pong/cmake-build-device/CMakeFiles/CMakeTmp

Run Build Command(s):/usr/bin/make cmTC_d0156/fast && /usr/bin/make  -f CMakeFiles/cmTC_d0156.dir/build.make CMakeFiles/cmTC_d0156.dir/build
make[1]: Entering directory '/home/nyanfall/projects/playdate/c-first-try/pong/cmake-build-device/CMakeFiles/CMakeTmp'
Building C object CMakeFiles/cmTC_d0156.dir/CMakeCCompilerABI.c.obj
/usr/bin/arm-none-eabi-gcc   -v -std=gnu11 -o CMakeFiles/cmTC_d0156.dir/CMakeCCompilerABI.c.obj -c /opt/jetbrains-clion-pj/bin/cmake/linux/share/cmake-3.19/Modules/CMakeCCompilerABI.c
Using built-in specs.
COLLECT_GCC=/usr/bin/arm-none-eabi-gcc
Target: arm-none-eabi
Configured with: /build/arm-none-eabi-gcc/src/gcc-12.2.0/configure --target=arm-none-eabi --prefix=/usr --with-sysroot=/usr/arm-none-eabi --with-native-system-header-dir=/include --libexecdir=/usr/lib --enable-languages=c,c++ --enable-plugins --disable-decimal-float --disable-libffi --disable-libgomp --disable-libmudflap --disable-libquadmath --disable-libssp --disable-libstdcxx-pch --disable-nls --disable-shared --disable-threads --disable-tls --with-gnu-as --with-gnu-ld --with-system-zlib --with-newlib --with-headers=/usr/arm-none-eabi/include --with-python-dir=share/gcc-arm-none-eabi --with-gmp --with-mpfr --with-mpc --with-isl --with-libelf --enable-gnu-indirect-function --with-host-libstdcxx='-static-libgcc -Wl,-Bstatic,-lstdc++,-Bdynamic -lm' --with-pkgversion='Arch Repository' --with-bugurl=https://bugs.archlinux.org/ --with-multilib-list=rmprofile
Thread model: single
Supported LTO compression algorithms: zlib zstd
gcc version 12.2.0 (Arch Repository) 
COLLECT_GCC_OPTIONS='-v' '-std=gnu11' '-o' 'CMakeFiles/cmTC_d0156.dir/CMakeCCompilerABI.c.obj' '-c' '-mcpu=arm7tdmi' '-mfloat-abi=soft' '-marm' '-mlibarch=armv4t' '-march=armv4t' '-dumpdir' 'CMakeFiles/cmTC_d0156.dir/'
 /usr/lib/gcc/arm-none-eabi/12.2.0/cc1 -quiet -v -D__USES_INITFINI__ /opt/jetbrains-clion-pj/bin/cmake/linux/share/cmake-3.19/Modules/CMakeCCompilerABI.c -quiet -dumpdir CMakeFiles/cmTC_d0156.dir/ -dumpbase CMakeCCompilerABI.c.c -dumpbase-ext .c -mcpu=arm7tdmi -mfloat-abi=soft -marm -mlibarch=armv4t -march=armv4t -std=gnu11 -version -o /tmp/ccmZuSWh.s
GNU C11 (Arch Repository) version 12.2.0 (arm-none-eabi)
	compiled by GNU C version 12.1.1 20220730, GMP version 6.2.1, MPFR version 4.1.0-p13, MPC version 1.2.1, isl version isl-0.25-GMP

warning: MPFR header version 4.1.0-p13 differs from library version 4.2.0.
warning: MPC header version 1.2.1 differs from library version 1.3.1.
GGC heuristics: --param ggc-min-expand=100 --param ggc-min-heapsize=131072
ignoring nonexistent directory "/usr/arm-none-eabi/usr/local/include"
ignoring duplicate directory "/usr/arm-none-eabi/include"
#include "..." search starts here:
#include <...> search starts here:
 /usr/lib/gcc/arm-none-eabi/12.2.0/include
 /usr/lib/gcc/arm-none-eabi/12.2.0/include-fixed
 /usr/lib/gcc/arm-none-eabi/12.2.0/../../../../arm-none-eabi/include
End of search list.
GNU C11 (Arch Repository) version 12.2.0 (arm-none-eabi)
	compiled by GNU C version 12.1.1 20220730, GMP version 6.2.1, MPFR version 4.1.0-p13, MPC version 1.2.1, isl version isl-0.25-GMP

warning: MPFR header version 4.1.0-p13 differs from library version 4.2.0.
warning: MPC header version 1.2.1 differs from library version 1.3.1.
GGC heuristics: --param ggc-min-expand=100 --param ggc-min-heapsize=131072
Compiler executable checksum: d707667ead19e421f781400722da8262
COLLECT_GCC_OPTIONS='-v' '-std=gnu11' '-o' 'CMakeFiles/cmTC_d0156.dir/CMakeCCompilerABI.c.obj' '-c' '-mcpu=arm7tdmi' '-mfloat-abi=soft' '-marm' '-mlibarch=armv4t' '-march=armv4t' '-dumpdir' 'CMakeFiles/cmTC_d0156.dir/'
 /usr/lib/gcc/arm-none-eabi/12.2.0/../../../../arm-none-eabi/bin/as -v -march=armv4t -mfloat-abi=soft -meabi=5 -o CMakeFiles/cmTC_d0156.dir/CMakeCCompilerABI.c.obj /tmp/ccmZuSWh.s
GNU assembler version 2.39 (arm-none-eabi) using BFD version (GNU Binutils) 2.39
COMPILER_PATH=/usr/lib/gcc/arm-none-eabi/12.2.0/:/usr/lib/gcc/arm-none-eabi/12.2.0/:/usr/lib/gcc/arm-none-eabi/:/usr/lib/gcc/arm-none-eabi/12.2.0/:/usr/lib/gcc/arm-none-eabi/:/usr/lib/gcc/arm-none-eabi/12.2.0/../../../../arm-none-eabi/bin/
LIBRARY_PATH=/usr/lib/gcc/arm-none-eabi/12.2.0/:/usr/lib/gcc/arm-none-eabi/12.2.0/../../../../arm-none-eabi/lib/:/usr/arm-none-eabi/lib/
COLLECT_GCC_OPTIONS='-v' '-std=gnu11' '-o' 'CMakeFiles/cmTC_d0156.dir/CMakeCCompilerABI.c.obj' '-c' '-mcpu=arm7tdmi' '-mfloat-abi=soft' '-marm' '-mlibarch=armv4t' '-march=armv4t' '-dumpdir' 'CMakeFiles/cmTC_d0156.dir/CMakeCCompilerABI.c.'
Linking C static library libcmTC_d0156.a
/opt/jetbrains-clion-pj/bin/cmake/linux/bin/cmake -P CMakeFiles/cmTC_d0156.dir/cmake_clean_target.cmake
/opt/jetbrains-clion-pj/bin/cmake/linux/bin/cmake -E cmake_link_script CMakeFiles/cmTC_d0156.dir/link.txt --verbose=1
/usr/bin/ar qc libcmTC_d0156.a CMakeFiles/cmTC_d0156.dir/CMakeCCompilerABI.c.obj
/usr/bin/ranlib libcmTC_d0156.a
make[1]: Leaving directory '/home/nyanfall/projects/playdate/c-first-try/pong/cmake-build-device/CMakeFiles/CMakeTmp'



Parsed C implicit include dir info from above output: rv=done
  found start of include info
  found start of implicit include info
    add: [/usr/lib/gcc/arm-none-eabi/12.2.0/include]
    add: [/usr/lib/gcc/arm-none-eabi/12.2.0/include-fixed]
    add: [/usr/lib/gcc/arm-none-eabi/12.2.0/../../../../arm-none-eabi/include]
  end of search list found
  collapse include dir [/usr/lib/gcc/arm-none-eabi/12.2.0/include] ==> [/usr/lib/gcc/arm-none-eabi/12.2.0/include]
  collapse include dir [/usr/lib/gcc/arm-none-eabi/12.2.0/include-fixed] ==> [/usr/lib/gcc/arm-none-eabi/12.2.0/include-fixed]
  collapse include dir [/usr/lib/gcc/arm-none-eabi/12.2.0/../../../../arm-none-eabi/include] ==> [/usr/arm-none-eabi/include]
  implicit include dirs: [/usr/lib/gcc/arm-none-eabi/12.2.0/include;/usr/lib/gcc/arm-none-eabi/12.2.0/include-fixed;/usr/arm-none-eabi/include]


Parsed C implicit link information from above output:
  link line regex: [^( *|.*[/\])(ld|CMAKE_LINK_STARTFILE-NOTFOUND|([^/\]+-)?ld|collect2)[^/\]*( |$)]
  ignore line: [Change Dir: /home/nyanfall/projects/playdate/c-first-try/pong/cmake-build-device/CMakeFiles/CMakeTmp]
  ignore line: []
  ignore line: [Run Build Command(s):/usr/bin/make cmTC_d0156/fast && /usr/bin/make  -f CMakeFiles/cmTC_d0156.dir/build.make CMakeFiles/cmTC_d0156.dir/build]
  ignore line: [make[1]: Entering directory '/home/nyanfall/projects/playdate/c-first-try/pong/cmake-build-device/CMakeFiles/CMakeTmp']
  ignore line: [Building C object CMakeFiles/cmTC_d0156.dir/CMakeCCompilerABI.c.obj]
  ignore line: [/usr/bin/arm-none-eabi-gcc   -v -std=gnu11 -o CMakeFiles/cmTC_d0156.dir/CMakeCCompilerABI.c.obj -c /opt/jetbrains-clion-pj/bin/cmake/linux/share/cmake-3.19/Modules/CMakeCCompilerABI.c]
  ignore line: [Using built-in specs.]
  ignore line: [COLLECT_GCC=/usr/bin/arm-none-eabi-gcc]
  ignore line: [Target: arm-none-eabi]
  ignore line: [Configured with: /build/arm-none-eabi-gcc/src/gcc-12.2.0/configure --target=arm-none-eabi --prefix=/usr --with-sysroot=/usr/arm-none-eabi --with-native-system-header-dir=/include --libexecdir=/usr/lib --enable-languages=c,c++ --enable-plugins --disable-decimal-float --disable-libffi --disable-libgomp --disable-libmudflap --disable-libquadmath --disable-libssp --disable-libstdcxx-pch --disable-nls --disable-shared --disable-threads --disable-tls --with-gnu-as --with-gnu-ld --with-system-zlib --with-newlib --with-headers=/usr/arm-none-eabi/include --with-python-dir=share/gcc-arm-none-eabi --with-gmp --with-mpfr --with-mpc --with-isl --with-libelf --enable-gnu-indirect-function --with-host-libstdcxx='-static-libgcc -Wl,-Bstatic,-lstdc++,-Bdynamic -lm' --with-pkgversion='Arch Repository' --with-bugurl=https://bugs.archlinux.org/ --with-multilib-list=rmprofile]
  ignore line: [Thread model: single]
  ignore line: [Supported LTO compression algorithms: zlib zstd]
  ignore line: [gcc version 12.2.0 (Arch Repository) ]
  ignore line: [COLLECT_GCC_OPTIONS='-v' '-std=gnu11' '-o' 'CMakeFiles/cmTC_d0156.dir/CMakeCCompilerABI.c.obj' '-c' '-mcpu=arm7tdmi' '-mfloat-abi=soft' '-marm' '-mlibarch=armv4t' '-march=armv4t' '-dumpdir' 'CMakeFiles/cmTC_d0156.dir/']
  ignore line: [ /usr/lib/gcc/arm-none-eabi/12.2.0/cc1 -quiet -v -D__USES_INITFINI__ /opt/jetbrains-clion-pj/bin/cmake/linux/share/cmake-3.19/Modules/CMakeCCompilerABI.c -quiet -dumpdir CMakeFiles/cmTC_d0156.dir/ -dumpbase CMakeCCompilerABI.c.c -dumpbase-ext .c -mcpu=arm7tdmi -mfloat-abi=soft -marm -mlibarch=armv4t -march=armv4t -std=gnu11 -version -o /tmp/ccmZuSWh.s]
  ignore line: [GNU C11 (Arch Repository) version 12.2.0 (arm-none-eabi)]
  ignore line: [	compiled by GNU C version 12.1.1 20220730  GMP version 6.2.1  MPFR version 4.1.0-p13  MPC version 1.2.1  isl version isl-0.25-GMP]
  ignore line: []
  ignore line: [warning: MPFR header version 4.1.0-p13 differs from library version 4.2.0.]
  ignore line: [warning: MPC header version 1.2.1 differs from library version 1.3.1.]
  ignore line: [GGC heuristics: --param ggc-min-expand=100 --param ggc-min-heapsize=131072]
  ignore line: [ignoring nonexistent directory "/usr/arm-none-eabi/usr/local/include"]
  ignore line: [ignoring duplicate directory "/usr/arm-none-eabi/include"]
  ignore line: [#include "..." search starts here:]
  ignore line: [#include <...> search starts here:]
  ignore line: [ /usr/lib/gcc/arm-none-eabi/12.2.0/include]
  ignore line: [ /usr/lib/gcc/arm-none-eabi/12.2.0/include-fixed]
  ignore line: [ /usr/lib/gcc/arm-none-eabi/12.2.0/../../../../arm-none-eabi/include]
  ignore line: [End of search list.]
  ignore line: [GNU C11 (Arch Repository) version 12.2.0 (arm-none-eabi)]
  ignore line: [	compiled by GNU C version 12.1.1 20220730  GMP version 6.2.1  MPFR version 4.1.0-p13  MPC version 1.2.1  isl version isl-0.25-GMP]
  ignore line: []
  ignore line: [warning: MPFR header version 4.1.0-p13 differs from library version 4.2.0.]
  ignore line: [warning: MPC header version 1.2.1 differs from library version 1.3.1.]
  ignore line: [GGC heuristics: --param ggc-min-expand=100 --param ggc-min-heapsize=131072]
  ignore line: [Compiler executable checksum: d707667ead19e421f781400722da8262]
  ignore line: [COLLECT_GCC_OPTIONS='-v' '-std=gnu11' '-o' 'CMakeFiles/cmTC_d0156.dir/CMakeCCompilerABI.c.obj' '-c' '-mcpu=arm7tdmi' '-mfloat-abi=soft' '-marm' '-mlibarch=armv4t' '-march=armv4t' '-dumpdir' 'CMakeFiles/cmTC_d0156.dir/']
  ignore line: [ /usr/lib/gcc/arm-none-eabi/12.2.0/../../../../arm-none-eabi/bin/as -v -march=armv4t -mfloat-abi=soft -meabi=5 -o CMakeFiles/cmTC_d0156.dir/CMakeCCompilerABI.c.obj /tmp/ccmZuSWh.s]
  ignore line: [GNU assembler version 2.39 (arm-none-eabi) using BFD version (GNU Binutils) 2.39]
  ignore line: [COMPILER_PATH=/usr/lib/gcc/arm-none-eabi/12.2.0/:/usr/lib/gcc/arm-none-eabi/12.2.0/:/usr/lib/gcc/arm-none-eabi/:/usr/lib/gcc/arm-none-eabi/12.2.0/:/usr/lib/gcc/arm-none-eabi/:/usr/lib/gcc/arm-none-eabi/12.2.0/../../../../arm-none-eabi/bin/]
  ignore line: [LIBRARY_PATH=/usr/lib/gcc/arm-none-eabi/12.2.0/:/usr/lib/gcc/arm-none-eabi/12.2.0/../../../../arm-none-eabi/lib/:/usr/arm-none-eabi/lib/]
  ignore line: [COLLECT_GCC_OPTIONS='-v' '-std=gnu11' '-o' 'CMakeFiles/cmTC_d0156.dir/CMakeCCompilerABI.c.obj' '-c' '-mcpu=arm7tdmi' '-mfloat-abi=soft' '-marm' '-mlibarch=armv4t' '-march=armv4t' '-dumpdir' 'CMakeFiles/cmTC_d0156.dir/CMakeCCompilerABI.c.']
  ignore line: [Linking C static library libcmTC_d0156.a]
  ignore line: [/opt/jetbrains-clion-pj/bin/cmake/linux/bin/cmake -P CMakeFiles/cmTC_d0156.dir/cmake_clean_target.cmake]
  ignore line: [/opt/jetbrains-clion-pj/bin/cmake/linux/bin/cmake -E cmake_link_script CMakeFiles/cmTC_d0156.dir/link.txt --verbose=1]
  ignore line: [/usr/bin/ar qc libcmTC_d0156.a CMakeFiles/cmTC_d0156.dir/CMakeCCompilerABI.c.obj]
  ignore line: [/usr/bin/ranlib libcmTC_d0156.a]
  ignore line: [make[1]: Leaving directory '/home/nyanfall/projects/playdate/c-first-try/pong/cmake-build-device/CMakeFiles/CMakeTmp']
  ignore line: []
  ignore line: []
  implicit libs: []
  implicit dirs: []
  implicit fwks: []


